0 info it worked if it ends with ok
1 verbose cli [ 'C:\\localapp\\node\\node.exe',
1 verbose cli   'C:\\Users\\antoine\\AppData\\Roaming\\npm\\node_modules\\npm\\bin\\npm-cli.js',
1 verbose cli   'run',
1 verbose cli   'serve' ]
2 info using npm@4.1.2
3 info using node@v6.10.3
4 verbose run-script [ 'preserve', 'serve', 'postserve' ]
5 info lifecycle angular-io-example@1.0.0~preserve: angular-io-example@1.0.0
6 silly lifecycle angular-io-example@1.0.0~preserve: no script for preserve, continuing
7 info lifecycle angular-io-example@1.0.0~serve: angular-io-example@1.0.0
8 verbose lifecycle angular-io-example@1.0.0~serve: unsafe-perm in lifecycle true
9 verbose lifecycle angular-io-example@1.0.0~serve: PATH: C:\Users\antoine\AppData\Roaming\npm\node_modules\npm\bin\node-gyp-bin;C:\localapp\IPSPRINTOCTOBER\toh-pt6\node_modules\.bin;C:\Users\antoine\AppData\Roaming\npm\node_modules\npm\bin\node-gyp-bin;C:\localapp\IPSPRINTOCTOBER\toh-pt6\node_modules\.bin;C:\ProgramData\Oracle\Java\javapath;C:\Windows\system32;C:\Windows;C:\Windows\System32\Wbem;C:\Windows\System32\WindowsPowerShell\v1.0\;C:\Program Files (x86)\ATI Technologies\ATI.ACE\Core-Static;C:\Program Files (x86)\AMD\ATI.ACE\Core-Static;C:\Program Files (x86)\Common Files\Ulead Systems\MPEG;C:\Program Files (x86)\QuickTime\QTSystem\;C:\Program Files\Java\jdk1.8.0_91;C:\Program Files (x86)\Pandoc\;C:\localapp\node\;C:\Ruby23-x64\bin;C:\Windows\system32;C:\Windows;C:\Windows\System32\Wbem;C:\Windows\System32\WindowsPowerShell\v1.0\;C:\Program Files (x86)\Calibre2\;C:\Program Files (x86)\ATI Technologies\ATI.ACE\Core-Static;C:\Program Files (x86)\AMD\ATI.ACE\Core-Static;C:\Program Files (x86)\Common Files\Ulead Systems\MPEG;C:\Program Files (x86)\QuickTime\QTSystem\;D:\DEVELOPPEMENT\Git\cmd;C:\Program Files\Java\jdk1.8.0_91\bin;C:\localapp\apache-maven-3.3.9-bin\apache-maven-3.3.9\bin;C:\Users\antoine\AppData\Roaming\npm
10 verbose lifecycle angular-io-example@1.0.0~serve: CWD: C:\localapp\IPSPRINTOCTOBER\toh-pt6
11 silly lifecycle angular-io-example@1.0.0~serve: Args: [ '/d /s /c', 'lite-server -c=bs-config.json' ]
12 silly lifecycle angular-io-example@1.0.0~serve: Returned: code: 3221225786  signal: null
13 info lifecycle angular-io-example@1.0.0~serve: Failed to exec serve script
14 verbose stack Error: angular-io-example@1.0.0 serve: `lite-server -c=bs-config.json`
14 verbose stack Exit status 3221225786
14 verbose stack     at EventEmitter.<anonymous> (C:\Users\antoine\AppData\Roaming\npm\node_modules\npm\lib\utils\lifecycle.js:279:16)
14 verbose stack     at emitTwo (events.js:106:13)
14 verbose stack     at EventEmitter.emit (events.js:191:7)
14 verbose stack     at ChildProcess.<anonymous> (C:\Users\antoine\AppData\Roaming\npm\node_modules\npm\lib\utils\spawn.js:40:14)
14 verbose stack     at emitTwo (events.js:106:13)
14 verbose stack     at ChildProcess.emit (events.js:191:7)
14 verbose stack     at maybeClose (internal/child_process.js:886:16)
14 verbose stack     at Process.ChildProcess._handle.onexit (internal/child_process.js:226:5)
15 verbose pkgid angular-io-example@1.0.0
16 verbose cwd C:\localapp\IPSPRINTOCTOBER\toh-pt6
17 error Windows_NT 6.3.9600
18 error argv "C:\\localapp\\node\\node.exe" "C:\\Users\\antoine\\AppData\\Roaming\\npm\\node_modules\\npm\\bin\\npm-cli.js" "run" "serve"
19 error node v6.10.3
20 error npm  v4.1.2
21 error code ELIFECYCLE
22 error angular-io-example@1.0.0 serve: `lite-server -c=bs-config.json`
22 error Exit status 3221225786
23 error Failed at the angular-io-example@1.0.0 serve script 'lite-server -c=bs-config.json'.
23 error Make sure you have the latest version of node.js and npm installed.
23 error If you do, this is most likely a problem with the angular-io-example package,
23 error not with npm itself.
23 error Tell the author that this fails on your system:
23 error     lite-server -c=bs-config.json
23 error You can get information on how to open an issue for this project with:
23 error     npm bugs angular-io-example
23 error Or if that isn't available, you can get their info via:
23 error     npm owner ls angular-io-example
23 error There is likely additional logging output above.
24 verbose exit [ 1, true ]
